2025-03-22 16:22:46,788:WARNING:
'cuml' is a soft dependency and not included in the pycaret installation. Please run: `pip install cuml` to install.
2025-03-22 16:22:46,788:WARNING:
'cuml' is a soft dependency and not included in the pycaret installation. Please run: `pip install cuml` to install.
2025-03-22 16:22:46,788:WARNING:
'cuml' is a soft dependency and not included in the pycaret installation. Please run: `pip install cuml` to install.
2025-03-22 16:22:46,788:WARNING:
'cuml' is a soft dependency and not included in the pycaret installation. Please run: `pip install cuml` to install.
2025-03-22 16:24:15,083:INFO:PyCaret RegressionExperiment
2025-03-22 16:24:15,083:INFO:Logging name: reg-default-name
2025-03-22 16:24:15,083:INFO:ML Usecase: MLUsecase.REGRESSION
2025-03-22 16:24:15,083:INFO:version 3.3.2
2025-03-22 16:24:15,086:INFO:Initializing setup()
2025-03-22 16:24:15,086:INFO:self.USI: 32a5
2025-03-22 16:24:15,086:INFO:self._variable_keys: {'gpu_param', 'y_train', '_ml_usecase', 'n_jobs_param', 'seed', 'exp_id', 'transform_target_param', 'html_param', 'fold_groups_param', 'memory', 'X_test', 'y_test', 'log_plots_param', 'X', 'USI', 'X_train', 'logging_param', 'pipeline', 'gpu_n_jobs_param', 'exp_name_log', 'target_param', 'fold_generator', 'y', 'fold_shuffle_param', 'data', 'idx', '_available_plots'}
2025-03-22 16:24:15,086:INFO:Checking environment
2025-03-22 16:24:15,087:INFO:python_version: 3.11.9
2025-03-22 16:24:15,087:INFO:python_build: ('tags/v3.11.9:de54cf5', 'Apr  2 2024 10:12:12')
2025-03-22 16:24:15,088:INFO:machine: AMD64
2025-03-22 16:24:15,088:INFO:platform: Windows-10-10.0.22621-SP0
2025-03-22 16:24:15,088:INFO:Memory: svmem(total=16836534272, available=2456236032, percent=85.4, used=14380298240, free=2456236032)
2025-03-22 16:24:15,088:INFO:Physical Core: 12
2025-03-22 16:24:15,088:INFO:Logical Core: 16
2025-03-22 16:24:15,088:INFO:Checking libraries
2025-03-22 16:24:15,088:INFO:System:
2025-03-22 16:24:15,088:INFO:    python: 3.11.9 (tags/v3.11.9:de54cf5, Apr  2 2024, 10:12:12) [MSC v.1938 64 bit (AMD64)]
2025-03-22 16:24:15,088:INFO:executable: c:\Users\edan\repos\Personal Projects\AI\ML\ml_project\.venv\Scripts\python.exe
2025-03-22 16:24:15,088:INFO:   machine: Windows-10-10.0.22621-SP0
2025-03-22 16:24:15,088:INFO:PyCaret required dependencies:
2025-03-22 16:24:15,120:WARNING:c:\Users\edan\repos\Personal Projects\AI\ML\ml_project\.venv\Lib\site-packages\_distutils_hack\__init__.py:30: UserWarning: Setuptools is replacing distutils. Support for replacing an already imported distutils is deprecated. In the future, this condition will fail. Register concerns at https://github.com/pypa/setuptools/issues/new?template=distutils-deprecation.yml
2025-03-22 16:24:15,120:WARNING:  warnings.warn(
2025-03-22 16:24:15,499:INFO:                 pip: Not installed
2025-03-22 16:24:15,499:INFO:          setuptools: 77.0.3
2025-03-22 16:24:15,499:INFO:             pycaret: 3.3.2
2025-03-22 16:24:15,499:INFO:             IPython: 9.0.2
2025-03-22 16:24:15,499:INFO:          ipywidgets: 8.1.5
2025-03-22 16:24:15,499:INFO:                tqdm: 4.67.1
2025-03-22 16:24:15,499:INFO:               numpy: 1.26.4
2025-03-22 16:24:15,499:INFO:              pandas: 2.1.4
2025-03-22 16:24:15,499:INFO:              jinja2: 3.1.6
2025-03-22 16:24:15,499:INFO:               scipy: 1.11.4
2025-03-22 16:24:15,499:INFO:              joblib: 1.3.2
2025-03-22 16:24:15,499:INFO:             sklearn: 1.4.2
2025-03-22 16:24:15,499:INFO:                pyod: 2.0.3
2025-03-22 16:24:15,499:INFO:            imblearn: 0.13.0
2025-03-22 16:24:15,499:INFO:   category_encoders: 2.7.0
2025-03-22 16:24:15,499:INFO:            lightgbm: 4.6.0
2025-03-22 16:24:15,499:INFO:               numba: 0.61.0
2025-03-22 16:24:15,499:INFO:            requests: 2.32.3
2025-03-22 16:24:15,499:INFO:          matplotlib: 3.7.5
2025-03-22 16:24:15,499:INFO:          scikitplot: 0.3.7
2025-03-22 16:24:15,499:INFO:         yellowbrick: 1.5
2025-03-22 16:24:15,499:INFO:              plotly: 5.24.1
2025-03-22 16:24:15,499:INFO:    plotly-resampler: Not installed
2025-03-22 16:24:15,499:INFO:             kaleido: 0.2.1
2025-03-22 16:24:15,499:INFO:           schemdraw: 0.15
2025-03-22 16:24:15,499:INFO:         statsmodels: 0.14.4
2025-03-22 16:24:15,499:INFO:              sktime: 0.26.0
2025-03-22 16:24:15,499:INFO:               tbats: 1.1.3
2025-03-22 16:24:15,499:INFO:            pmdarima: 2.0.4
2025-03-22 16:24:15,499:INFO:              psutil: 7.0.0
2025-03-22 16:24:15,499:INFO:          markupsafe: 3.0.2
2025-03-22 16:24:15,499:INFO:             pickle5: Not installed
2025-03-22 16:24:15,499:INFO:         cloudpickle: 3.1.1
2025-03-22 16:24:15,499:INFO:         deprecation: 2.1.0
2025-03-22 16:24:15,499:INFO:              xxhash: 3.5.0
2025-03-22 16:24:15,499:INFO:           wurlitzer: Not installed
2025-03-22 16:24:15,499:INFO:PyCaret optional dependencies:
2025-03-22 16:24:15,513:INFO:                shap: Not installed
2025-03-22 16:24:15,513:INFO:           interpret: Not installed
2025-03-22 16:24:15,513:INFO:                umap: Not installed
2025-03-22 16:24:15,513:INFO:     ydata_profiling: Not installed
2025-03-22 16:24:15,513:INFO:  explainerdashboard: Not installed
2025-03-22 16:24:15,513:INFO:             autoviz: Not installed
2025-03-22 16:24:15,513:INFO:           fairlearn: Not installed
2025-03-22 16:24:15,513:INFO:          deepchecks: Not installed
2025-03-22 16:24:15,513:INFO:             xgboost: Not installed
2025-03-22 16:24:15,513:INFO:            catboost: Not installed
2025-03-22 16:24:15,513:INFO:              kmodes: Not installed
2025-03-22 16:24:15,513:INFO:             mlxtend: Not installed
2025-03-22 16:24:15,513:INFO:       statsforecast: Not installed
2025-03-22 16:24:15,513:INFO:        tune_sklearn: Not installed
2025-03-22 16:24:15,513:INFO:                 ray: Not installed
2025-03-22 16:24:15,513:INFO:            hyperopt: Not installed
2025-03-22 16:24:15,513:INFO:              optuna: Not installed
2025-03-22 16:24:15,513:INFO:               skopt: Not installed
2025-03-22 16:24:15,513:INFO:              mlflow: Not installed
2025-03-22 16:24:15,513:INFO:              gradio: Not installed
2025-03-22 16:24:15,513:INFO:             fastapi: Not installed
2025-03-22 16:24:15,513:INFO:             uvicorn: Not installed
2025-03-22 16:24:15,513:INFO:              m2cgen: Not installed
2025-03-22 16:24:15,513:INFO:           evidently: Not installed
2025-03-22 16:24:15,513:INFO:               fugue: Not installed
2025-03-22 16:24:15,513:INFO:           streamlit: Not installed
2025-03-22 16:24:15,513:INFO:             prophet: Not installed
2025-03-22 16:24:15,513:INFO:None
2025-03-22 16:24:15,513:INFO:Set up data.
2025-03-22 16:24:15,529:INFO:Set up folding strategy.
2025-03-22 16:24:15,529:INFO:Set up train/test split.
2025-03-22 16:24:15,580:INFO:Set up index.
2025-03-22 16:24:15,580:INFO:Assigning column types.
2025-03-22 16:24:15,591:INFO:Engine successfully changes for model 'lr' to 'sklearn'.
2025-03-22 16:24:15,591:INFO:Engine for model 'lasso' has not been set explicitly, hence returning None.
2025-03-22 16:24:15,595:INFO:Engine for model 'ridge' has not been set explicitly, hence returning None.
2025-03-22 16:24:15,598:INFO:Engine for model 'en' has not been set explicitly, hence returning None.
2025-03-22 16:24:15,667:INFO:Engine for model 'svm' has not been set explicitly, hence returning None.
2025-03-22 16:24:15,699:INFO:Engine for model 'knn' has not been set explicitly, hence returning None.
2025-03-22 16:24:15,699:WARNING:
'xgboost' is a soft dependency and not included in the pycaret installation. Please run: `pip install xgboost` to install.
Alternately, you can install this by running `pip install pycaret[models]`
2025-03-22 16:24:15,699:WARNING:
'catboost' is a soft dependency and not included in the pycaret installation. Please run: `pip install catboost` to install.
Alternately, you can install this by running `pip install pycaret[models]`
2025-03-22 16:24:15,699:INFO:Engine for model 'lasso' has not been set explicitly, hence returning None.
2025-03-22 16:24:15,699:INFO:Engine for model 'ridge' has not been set explicitly, hence returning None.
2025-03-22 16:24:15,713:INFO:Engine for model 'en' has not been set explicitly, hence returning None.
2025-03-22 16:24:15,759:INFO:Engine for model 'svm' has not been set explicitly, hence returning None.
2025-03-22 16:24:15,797:INFO:Engine for model 'knn' has not been set explicitly, hence returning None.
2025-03-22 16:24:15,797:WARNING:
'xgboost' is a soft dependency and not included in the pycaret installation. Please run: `pip install xgboost` to install.
Alternately, you can install this by running `pip install pycaret[models]`
2025-03-22 16:24:15,797:WARNING:
'catboost' is a soft dependency and not included in the pycaret installation. Please run: `pip install catboost` to install.
Alternately, you can install this by running `pip install pycaret[models]`
2025-03-22 16:24:15,797:INFO:Engine successfully changes for model 'lasso' to 'sklearn'.
2025-03-22 16:24:15,797:INFO:Engine for model 'ridge' has not been set explicitly, hence returning None.
2025-03-22 16:24:15,797:INFO:Engine for model 'en' has not been set explicitly, hence returning None.
2025-03-22 16:24:15,853:INFO:Engine for model 'svm' has not been set explicitly, hence returning None.
2025-03-22 16:24:15,893:INFO:Engine for model 'knn' has not been set explicitly, hence returning None.
2025-03-22 16:24:15,893:WARNING:
'xgboost' is a soft dependency and not included in the pycaret installation. Please run: `pip install xgboost` to install.
Alternately, you can install this by running `pip install pycaret[models]`
2025-03-22 16:24:15,893:WARNING:
'catboost' is a soft dependency and not included in the pycaret installation. Please run: `pip install catboost` to install.
Alternately, you can install this by running `pip install pycaret[models]`
2025-03-22 16:24:15,896:INFO:Engine for model 'ridge' has not been set explicitly, hence returning None.
2025-03-22 16:24:15,896:INFO:Engine for model 'en' has not been set explicitly, hence returning None.
2025-03-22 16:24:15,946:INFO:Engine for model 'svm' has not been set explicitly, hence returning None.
2025-03-22 16:24:15,979:INFO:Engine for model 'knn' has not been set explicitly, hence returning None.
2025-03-22 16:24:15,979:WARNING:
'xgboost' is a soft dependency and not included in the pycaret installation. Please run: `pip install xgboost` to install.
Alternately, you can install this by running `pip install pycaret[models]`
2025-03-22 16:24:15,979:WARNING:
'catboost' is a soft dependency and not included in the pycaret installation. Please run: `pip install catboost` to install.
Alternately, you can install this by running `pip install pycaret[models]`
2025-03-22 16:24:15,979:INFO:Engine successfully changes for model 'ridge' to 'sklearn'.
2025-03-22 16:24:15,988:INFO:Engine for model 'en' has not been set explicitly, hence returning None.
2025-03-22 16:24:16,032:INFO:Engine for model 'svm' has not been set explicitly, hence returning None.
2025-03-22 16:24:16,067:INFO:Engine for model 'knn' has not been set explicitly, hence returning None.
2025-03-22 16:24:16,067:WARNING:
'xgboost' is a soft dependency and not included in the pycaret installation. Please run: `pip install xgboost` to install.
Alternately, you can install this by running `pip install pycaret[models]`
2025-03-22 16:24:16,067:WARNING:
'catboost' is a soft dependency and not included in the pycaret installation. Please run: `pip install catboost` to install.
Alternately, you can install this by running `pip install pycaret[models]`
2025-03-22 16:24:16,067:INFO:Engine for model 'en' has not been set explicitly, hence returning None.
2025-03-22 16:24:16,112:INFO:Engine for model 'svm' has not been set explicitly, hence returning None.
2025-03-22 16:24:16,149:INFO:Engine for model 'knn' has not been set explicitly, hence returning None.
2025-03-22 16:24:16,149:WARNING:
'xgboost' is a soft dependency and not included in the pycaret installation. Please run: `pip install xgboost` to install.
Alternately, you can install this by running `pip install pycaret[models]`
2025-03-22 16:24:16,149:WARNING:
'catboost' is a soft dependency and not included in the pycaret installation. Please run: `pip install catboost` to install.
Alternately, you can install this by running `pip install pycaret[models]`
2025-03-22 16:24:16,149:INFO:Engine successfully changes for model 'en' to 'sklearn'.
2025-03-22 16:24:16,204:INFO:Engine for model 'svm' has not been set explicitly, hence returning None.
2025-03-22 16:24:16,232:INFO:Engine for model 'knn' has not been set explicitly, hence returning None.
2025-03-22 16:24:16,232:WARNING:
'xgboost' is a soft dependency and not included in the pycaret installation. Please run: `pip install xgboost` to install.
Alternately, you can install this by running `pip install pycaret[models]`
2025-03-22 16:24:16,232:WARNING:
'catboost' is a soft dependency and not included in the pycaret installation. Please run: `pip install catboost` to install.
Alternately, you can install this by running `pip install pycaret[models]`
2025-03-22 16:24:16,279:INFO:Engine for model 'svm' has not been set explicitly, hence returning None.
2025-03-22 16:24:16,313:INFO:Engine for model 'knn' has not been set explicitly, hence returning None.
2025-03-22 16:24:16,313:WARNING:
'xgboost' is a soft dependency and not included in the pycaret installation. Please run: `pip install xgboost` to install.
Alternately, you can install this by running `pip install pycaret[models]`
2025-03-22 16:24:16,313:WARNING:
'catboost' is a soft dependency and not included in the pycaret installation. Please run: `pip install catboost` to install.
Alternately, you can install this by running `pip install pycaret[models]`
2025-03-22 16:24:16,313:INFO:Engine successfully changes for model 'knn' to 'sklearn'.
2025-03-22 16:24:16,368:INFO:Engine for model 'svm' has not been set explicitly, hence returning None.
2025-03-22 16:24:16,396:WARNING:
'xgboost' is a soft dependency and not included in the pycaret installation. Please run: `pip install xgboost` to install.
Alternately, you can install this by running `pip install pycaret[models]`
2025-03-22 16:24:16,396:WARNING:
'catboost' is a soft dependency and not included in the pycaret installation. Please run: `pip install catboost` to install.
Alternately, you can install this by running `pip install pycaret[models]`
2025-03-22 16:24:16,448:INFO:Engine for model 'svm' has not been set explicitly, hence returning None.
2025-03-22 16:24:16,479:WARNING:
'xgboost' is a soft dependency and not included in the pycaret installation. Please run: `pip install xgboost` to install.
Alternately, you can install this by running `pip install pycaret[models]`
2025-03-22 16:24:16,479:WARNING:
'catboost' is a soft dependency and not included in the pycaret installation. Please run: `pip install catboost` to install.
Alternately, you can install this by running `pip install pycaret[models]`
2025-03-22 16:24:16,489:INFO:Engine successfully changes for model 'svm' to 'sklearn'.
2025-03-22 16:24:16,569:WARNING:
'xgboost' is a soft dependency and not included in the pycaret installation. Please run: `pip install xgboost` to install.
Alternately, you can install this by running `pip install pycaret[models]`
2025-03-22 16:24:16,569:WARNING:
'catboost' is a soft dependency and not included in the pycaret installation. Please run: `pip install catboost` to install.
Alternately, you can install this by running `pip install pycaret[models]`
2025-03-22 16:24:16,656:WARNING:
'xgboost' is a soft dependency and not included in the pycaret installation. Please run: `pip install xgboost` to install.
Alternately, you can install this by running `pip install pycaret[models]`
2025-03-22 16:24:16,656:WARNING:
'catboost' is a soft dependency and not included in the pycaret installation. Please run: `pip install catboost` to install.
Alternately, you can install this by running `pip install pycaret[models]`
2025-03-22 16:24:16,669:INFO:Preparing preprocessing pipeline...
2025-03-22 16:24:16,669:INFO:Set up simple imputation.
2025-03-22 16:24:16,679:INFO:Set up encoding of ordinal features.
2025-03-22 16:24:16,679:INFO:Set up encoding of categorical features.
2025-03-22 16:24:16,679:INFO:Set up column name cleaning.
2025-03-22 16:24:16,796:INFO:Finished creating preprocessing pipeline.
2025-03-22 16:24:16,823:INFO:Pipeline: Pipeline(memory=FastMemory(location=C:\Users\edan\AppData\Local\Temp\joblib),
         steps=[('numerical_imputer',
                 TransformerWrapper(include=['Carat Weight'],
                                    transformer=SimpleImputer())),
                ('categorical_imputer',
                 TransformerWrapper(include=['Cut', 'Color', 'Clarity',
                                             'Polish', 'Symmetry', 'Report'],
                                    transformer=SimpleImputer(strategy='most_frequent'))),
                ('ordinal_enc...
                                                                         'data_type': dtype('O'),
                                                                         'mapping': AGSL    0
GIA     1
NaN    -1
dtype: int64}]))),
                ('onehot_encoding',
                 TransformerWrapper(include=['Cut', 'Color', 'Clarity',
                                             'Polish', 'Symmetry'],
                                    transformer=OneHotEncoder(cols=['Cut',
                                                                    'Color',
                                                                    'Clarity',
                                                                    'Polish',
                                                                    'Symmetry'],
                                                              handle_missing='return_nan',
                                                              use_cat_names=True))),
                ('clean_column_names',
                 TransformerWrapper(transformer=CleanColumnNames()))])
2025-03-22 16:24:16,823:INFO:Creating final display dataframe.
2025-03-22 16:24:17,062:INFO:Setup _display_container:                     Description             Value
0                    Session id               123
1                        Target             Price
2                   Target type        Regression
3           Original data shape         (6000, 8)
4        Transformed data shape        (6000, 29)
5   Transformed train set shape        (4200, 29)
6    Transformed test set shape        (1800, 29)
7              Numeric features                 1
8          Categorical features                 6
9                    Preprocess              True
10              Imputation type            simple
11           Numeric imputation              mean
12       Categorical imputation              mode
13     Maximum one-hot encoding                25
14              Encoding method              None
15               Fold Generator             KFold
16                  Fold Number                10
17                     CPU Jobs                -1
18                      Use GPU             False
19               Log Experiment             False
20              Experiment Name  reg-default-name
21                          USI              32a5
2025-03-22 16:24:17,180:WARNING:
'xgboost' is a soft dependency and not included in the pycaret installation. Please run: `pip install xgboost` to install.
Alternately, you can install this by running `pip install pycaret[models]`
2025-03-22 16:24:17,180:WARNING:
'catboost' is a soft dependency and not included in the pycaret installation. Please run: `pip install catboost` to install.
Alternately, you can install this by running `pip install pycaret[models]`
2025-03-22 16:24:17,289:WARNING:
'xgboost' is a soft dependency and not included in the pycaret installation. Please run: `pip install xgboost` to install.
Alternately, you can install this by running `pip install pycaret[models]`
2025-03-22 16:24:17,289:WARNING:
'catboost' is a soft dependency and not included in the pycaret installation. Please run: `pip install catboost` to install.
Alternately, you can install this by running `pip install pycaret[models]`
2025-03-22 16:24:17,289:INFO:setup() successfully completed in 2.21s...............
2025-03-22 16:24:17,289:INFO:Initializing compare_models()
2025-03-22 16:24:17,289:INFO:compare_models(self=<pycaret.regression.oop.RegressionExperiment object at 0x0000018BC180EED0>, include=None, exclude=None, fold=None, round=4, cross_validation=True, sort=R2, n_select=1, budget_time=None, turbo=True, errors=ignore, fit_kwargs=None, groups=None, experiment_custom_tags=None, probability_threshold=None, verbose=True, parallel=None, caller_params={'self': <pycaret.regression.oop.RegressionExperiment object at 0x0000018BC180EED0>, 'include': None, 'exclude': None, 'fold': None, 'round': 4, 'cross_validation': True, 'sort': 'R2', 'n_select': 1, 'budget_time': None, 'turbo': True, 'errors': 'ignore', 'fit_kwargs': None, 'groups': None, 'experiment_custom_tags': None, 'engine': None, 'verbose': True, 'parallel': None, '__class__': <class 'pycaret.regression.oop.RegressionExperiment'>})
2025-03-22 16:24:17,289:INFO:Checking exceptions
2025-03-22 16:24:17,289:INFO:Preparing display monitor
2025-03-22 16:24:17,315:INFO:Initializing Linear Regression
2025-03-22 16:24:17,318:INFO:Total runtime is 4.724264144897461e-05 minutes
2025-03-22 16:24:17,321:INFO:SubProcess create_model() called ==================================
2025-03-22 16:24:17,321:INFO:Initializing create_model()
2025-03-22 16:24:17,321:INFO:create_model(self=<pycaret.regression.oop.RegressionExperiment object at 0x0000018BC180EED0>, estimator=lr, fold=KFold(n_splits=10, random_state=None, shuffle=False), round=4, cross_validation=True, predict=True, fit_kwargs={}, groups=None, refit=False, probability_threshold=None, experiment_custom_tags=None, verbose=False, system=False, add_to_model_list=True, metrics=None, display=<pycaret.internal.display.display.CommonDisplay object at 0x0000018C052A0890>, model_only=True, return_train_score=False, error_score=0.0, kwargs={})
2025-03-22 16:24:17,321:INFO:Checking exceptions
2025-03-22 16:24:17,321:INFO:Importing libraries
2025-03-22 16:24:17,321:INFO:Copying training dataset
2025-03-22 16:24:17,329:INFO:Defining folds
2025-03-22 16:24:17,329:INFO:Declaring metric variables
2025-03-22 16:24:17,329:INFO:Importing untrained model
2025-03-22 16:24:17,337:INFO:Linear Regression Imported successfully
2025-03-22 16:24:17,345:INFO:Starting cross validation
2025-03-22 16:24:17,462:INFO:Cross validating with KFold(n_splits=10, random_state=None, shuffle=False), n_jobs=-1
2025-03-22 16:24:57,595:WARNING:c:\Users\edan\repos\Personal Projects\AI\ML\ml_project\.venv\Lib\site-packages\_distutils_hack\__init__.py:30: UserWarning: Setuptools is replacing distutils. Support for replacing an already imported distutils is deprecated. In the future, this condition will fail. Register concerns at https://github.com/pypa/setuptools/issues/new?template=distutils-deprecation.yml
  warnings.warn(

2025-03-22 16:24:57,595:WARNING:c:\Users\edan\repos\Personal Projects\AI\ML\ml_project\.venv\Lib\site-packages\_distutils_hack\__init__.py:30: UserWarning: Setuptools is replacing distutils. Support for replacing an already imported distutils is deprecated. In the future, this condition will fail. Register concerns at https://github.com/pypa/setuptools/issues/new?template=distutils-deprecation.yml
  warnings.warn(

2025-03-22 16:24:57,595:WARNING:c:\Users\edan\repos\Personal Projects\AI\ML\ml_project\.venv\Lib\site-packages\_distutils_hack\__init__.py:30: UserWarning: Setuptools is replacing distutils. Support for replacing an already imported distutils is deprecated. In the future, this condition will fail. Register concerns at https://github.com/pypa/setuptools/issues/new?template=distutils-deprecation.yml
  warnings.warn(

2025-03-22 16:24:57,595:WARNING:c:\Users\edan\repos\Personal Projects\AI\ML\ml_project\.venv\Lib\site-packages\_distutils_hack\__init__.py:30: UserWarning: Setuptools is replacing distutils. Support for replacing an already imported distutils is deprecated. In the future, this condition will fail. Register concerns at https://github.com/pypa/setuptools/issues/new?template=distutils-deprecation.yml
  warnings.warn(

2025-03-22 16:24:57,595:WARNING:c:\Users\edan\repos\Personal Projects\AI\ML\ml_project\.venv\Lib\site-packages\_distutils_hack\__init__.py:30: UserWarning: Setuptools is replacing distutils. Support for replacing an already imported distutils is deprecated. In the future, this condition will fail. Register concerns at https://github.com/pypa/setuptools/issues/new?template=distutils-deprecation.yml
  warnings.warn(

2025-03-22 16:24:57,606:WARNING:c:\Users\edan\repos\Personal Projects\AI\ML\ml_project\.venv\Lib\site-packages\_distutils_hack\__init__.py:30: UserWarning: Setuptools is replacing distutils. Support for replacing an already imported distutils is deprecated. In the future, this condition will fail. Register concerns at https://github.com/pypa/setuptools/issues/new?template=distutils-deprecation.yml
  warnings.warn(

2025-03-22 16:24:57,606:WARNING:c:\Users\edan\repos\Personal Projects\AI\ML\ml_project\.venv\Lib\site-packages\_distutils_hack\__init__.py:30: UserWarning: Setuptools is replacing distutils. Support for replacing an already imported distutils is deprecated. In the future, this condition will fail. Register concerns at https://github.com/pypa/setuptools/issues/new?template=distutils-deprecation.yml
  warnings.warn(

2025-03-22 16:24:57,606:WARNING:c:\Users\edan\repos\Personal Projects\AI\ML\ml_project\.venv\Lib\site-packages\_distutils_hack\__init__.py:30: UserWarning: Setuptools is replacing distutils. Support for replacing an already imported distutils is deprecated. In the future, this condition will fail. Register concerns at https://github.com/pypa/setuptools/issues/new?template=distutils-deprecation.yml
  warnings.warn(

2025-03-22 16:24:58,174:INFO:Calculating mean and std
2025-03-22 16:24:58,174:INFO:Creating metrics dataframe
2025-03-22 16:24:58,188:INFO:Uploading results into container
2025-03-22 16:24:58,188:INFO:Uploading model into container now
2025-03-22 16:24:58,191:INFO:_master_model_container: 1
2025-03-22 16:24:58,191:INFO:_display_container: 2
2025-03-22 16:24:58,191:INFO:LinearRegression(n_jobs=-1)
2025-03-22 16:24:58,191:INFO:create_model() successfully completed......................................
2025-03-22 16:24:58,308:INFO:SubProcess create_model() end ==================================
2025-03-22 16:24:58,308:INFO:Creating metrics dataframe
2025-03-22 16:24:58,308:INFO:Initializing Lasso Regression
2025-03-22 16:24:58,308:INFO:Total runtime is 0.6832198580106099 minutes
2025-03-22 16:24:58,323:INFO:SubProcess create_model() called ==================================
2025-03-22 16:24:58,323:INFO:Initializing create_model()
2025-03-22 16:24:58,323:INFO:create_model(self=<pycaret.regression.oop.RegressionExperiment object at 0x0000018BC180EED0>, estimator=lasso, fold=KFold(n_splits=10, random_state=None, shuffle=False), round=4, cross_validation=True, predict=True, fit_kwargs={}, groups=None, refit=False, probability_threshold=None, experiment_custom_tags=None, verbose=False, system=False, add_to_model_list=True, metrics=None, display=<pycaret.internal.display.display.CommonDisplay object at 0x0000018C052A0890>, model_only=True, return_train_score=False, error_score=0.0, kwargs={})
2025-03-22 16:24:58,323:INFO:Checking exceptions
2025-03-22 16:24:58,323:INFO:Importing libraries
2025-03-22 16:24:58,323:INFO:Copying training dataset
2025-03-22 16:24:58,323:INFO:Defining folds
2025-03-22 16:24:58,323:INFO:Declaring metric variables
2025-03-22 16:24:58,331:INFO:Importing untrained model
2025-03-22 16:24:58,338:INFO:Lasso Regression Imported successfully
2025-03-22 16:24:58,343:INFO:Starting cross validation
2025-03-22 16:24:58,343:INFO:Cross validating with KFold(n_splits=10, random_state=None, shuffle=False), n_jobs=-1
2025-03-22 16:25:03,205:WARNING:c:\Users\edan\repos\Personal Projects\AI\ML\ml_project\.venv\Lib\site-packages\_distutils_hack\__init__.py:30: UserWarning: Setuptools is replacing distutils. Support for replacing an already imported distutils is deprecated. In the future, this condition will fail. Register concerns at https://github.com/pypa/setuptools/issues/new?template=distutils-deprecation.yml
  warnings.warn(

2025-03-22 16:25:03,327:WARNING:c:\Users\edan\repos\Personal Projects\AI\ML\ml_project\.venv\Lib\site-packages\_distutils_hack\__init__.py:30: UserWarning: Setuptools is replacing distutils. Support for replacing an already imported distutils is deprecated. In the future, this condition will fail. Register concerns at https://github.com/pypa/setuptools/issues/new?template=distutils-deprecation.yml
  warnings.warn(

2025-03-22 16:25:03,327:WARNING:c:\Users\edan\repos\Personal Projects\AI\ML\ml_project\.venv\Lib\site-packages\_distutils_hack\__init__.py:30: UserWarning: Setuptools is replacing distutils. Support for replacing an already imported distutils is deprecated. In the future, this condition will fail. Register concerns at https://github.com/pypa/setuptools/issues/new?template=distutils-deprecation.yml
  warnings.warn(

2025-03-22 16:25:03,338:WARNING:c:\Users\edan\repos\Personal Projects\AI\ML\ml_project\.venv\Lib\site-packages\_distutils_hack\__init__.py:30: UserWarning: Setuptools is replacing distutils. Support for replacing an already imported distutils is deprecated. In the future, this condition will fail. Register concerns at https://github.com/pypa/setuptools/issues/new?template=distutils-deprecation.yml
  warnings.warn(

2025-03-22 16:25:03,358:WARNING:c:\Users\edan\repos\Personal Projects\AI\ML\ml_project\.venv\Lib\site-packages\_distutils_hack\__init__.py:30: UserWarning: Setuptools is replacing distutils. Support for replacing an already imported distutils is deprecated. In the future, this condition will fail. Register concerns at https://github.com/pypa/setuptools/issues/new?template=distutils-deprecation.yml
  warnings.warn(

2025-03-22 16:25:03,423:WARNING:c:\Users\edan\repos\Personal Projects\AI\ML\ml_project\.venv\Lib\site-packages\_distutils_hack\__init__.py:30: UserWarning: Setuptools is replacing distutils. Support for replacing an already imported distutils is deprecated. In the future, this condition will fail. Register concerns at https://github.com/pypa/setuptools/issues/new?template=distutils-deprecation.yml
  warnings.warn(

2025-03-22 16:25:03,900:INFO:Calculating mean and std
2025-03-22 16:25:03,903:INFO:Creating metrics dataframe
2025-03-22 16:25:03,903:INFO:Uploading results into container
2025-03-22 16:25:03,909:INFO:Uploading model into container now
2025-03-22 16:25:03,909:INFO:_master_model_container: 2
2025-03-22 16:25:03,909:INFO:_display_container: 2
2025-03-22 16:25:03,909:INFO:Lasso(random_state=123)
2025-03-22 16:25:03,909:INFO:create_model() successfully completed......................................
2025-03-22 16:25:03,998:INFO:SubProcess create_model() end ==================================
2025-03-22 16:25:03,998:INFO:Creating metrics dataframe
2025-03-22 16:25:04,014:INFO:Initializing Ridge Regression
2025-03-22 16:25:04,014:INFO:Total runtime is 0.7783125519752502 minutes
2025-03-22 16:25:04,022:INFO:SubProcess create_model() called ==================================
2025-03-22 16:25:04,022:INFO:Initializing create_model()
2025-03-22 16:25:04,022:INFO:create_model(self=<pycaret.regression.oop.RegressionExperiment object at 0x0000018BC180EED0>, estimator=ridge, fold=KFold(n_splits=10, random_state=None, shuffle=False), round=4, cross_validation=True, predict=True, fit_kwargs={}, groups=None, refit=False, probability_threshold=None, experiment_custom_tags=None, verbose=False, system=False, add_to_model_list=True, metrics=None, display=<pycaret.internal.display.display.CommonDisplay object at 0x0000018C052A0890>, model_only=True, return_train_score=False, error_score=0.0, kwargs={})
2025-03-22 16:25:04,022:INFO:Checking exceptions
2025-03-22 16:25:04,022:INFO:Importing libraries
2025-03-22 16:25:04,022:INFO:Copying training dataset
2025-03-22 16:25:04,025:INFO:Defining folds
2025-03-22 16:25:04,025:INFO:Declaring metric variables
2025-03-22 16:25:04,025:INFO:Importing untrained model
2025-03-22 16:25:04,038:INFO:Ridge Regression Imported successfully
2025-03-22 16:25:04,042:INFO:Starting cross validation
2025-03-22 16:25:04,042:INFO:Cross validating with KFold(n_splits=10, random_state=None, shuffle=False), n_jobs=-1
2025-03-22 16:25:04,475:INFO:Calculating mean and std
2025-03-22 16:25:04,475:INFO:Creating metrics dataframe
2025-03-22 16:25:04,475:INFO:Uploading results into container
2025-03-22 16:25:04,475:INFO:Uploading model into container now
2025-03-22 16:25:04,475:INFO:_master_model_container: 3
2025-03-22 16:25:04,475:INFO:_display_container: 2
2025-03-22 16:25:04,475:INFO:Ridge(random_state=123)
2025-03-22 16:25:04,475:INFO:create_model() successfully completed......................................
2025-03-22 16:25:04,571:INFO:SubProcess create_model() end ==================================
2025-03-22 16:25:04,571:INFO:Creating metrics dataframe
2025-03-22 16:25:04,587:INFO:Initializing Elastic Net
2025-03-22 16:25:04,587:INFO:Total runtime is 0.7878599643707275 minutes
2025-03-22 16:25:04,587:INFO:SubProcess create_model() called ==================================
2025-03-22 16:25:04,587:INFO:Initializing create_model()
2025-03-22 16:25:04,587:INFO:create_model(self=<pycaret.regression.oop.RegressionExperiment object at 0x0000018BC180EED0>, estimator=en, fold=KFold(n_splits=10, random_state=None, shuffle=False), round=4, cross_validation=True, predict=True, fit_kwargs={}, groups=None, refit=False, probability_threshold=None, experiment_custom_tags=None, verbose=False, system=False, add_to_model_list=True, metrics=None, display=<pycaret.internal.display.display.CommonDisplay object at 0x0000018C052A0890>, model_only=True, return_train_score=False, error_score=0.0, kwargs={})
2025-03-22 16:25:04,587:INFO:Checking exceptions
2025-03-22 16:25:04,587:INFO:Importing libraries
2025-03-22 16:25:04,587:INFO:Copying training dataset
2025-03-22 16:25:04,587:INFO:Defining folds
2025-03-22 16:25:04,587:INFO:Declaring metric variables
2025-03-22 16:25:04,606:INFO:Importing untrained model
2025-03-22 16:25:04,606:INFO:Elastic Net Imported successfully
2025-03-22 16:25:04,618:INFO:Starting cross validation
2025-03-22 16:25:04,623:INFO:Cross validating with KFold(n_splits=10, random_state=None, shuffle=False), n_jobs=-1
2025-03-22 16:25:05,030:INFO:Calculating mean and std
2025-03-22 16:25:05,030:INFO:Creating metrics dataframe
2025-03-22 16:25:05,030:INFO:Uploading results into container
2025-03-22 16:25:05,035:INFO:Uploading model into container now
2025-03-22 16:25:05,035:INFO:_master_model_container: 4
2025-03-22 16:25:05,035:INFO:_display_container: 2
2025-03-22 16:25:05,037:INFO:ElasticNet(random_state=123)
2025-03-22 16:25:05,037:INFO:create_model() successfully completed......................................
2025-03-22 16:25:05,123:INFO:SubProcess create_model() end ==================================
2025-03-22 16:25:05,123:INFO:Creating metrics dataframe
2025-03-22 16:25:05,139:INFO:Initializing Least Angle Regression
2025-03-22 16:25:05,139:INFO:Total runtime is 0.7970688859621683 minutes
2025-03-22 16:25:05,139:INFO:SubProcess create_model() called ==================================
2025-03-22 16:25:05,139:INFO:Initializing create_model()
2025-03-22 16:25:05,139:INFO:create_model(self=<pycaret.regression.oop.RegressionExperiment object at 0x0000018BC180EED0>, estimator=lar, fold=KFold(n_splits=10, random_state=None, shuffle=False), round=4, cross_validation=True, predict=True, fit_kwargs={}, groups=None, refit=False, probability_threshold=None, experiment_custom_tags=None, verbose=False, system=False, add_to_model_list=True, metrics=None, display=<pycaret.internal.display.display.CommonDisplay object at 0x0000018C052A0890>, model_only=True, return_train_score=False, error_score=0.0, kwargs={})
2025-03-22 16:25:05,139:INFO:Checking exceptions
2025-03-22 16:25:05,139:INFO:Importing libraries
2025-03-22 16:25:05,139:INFO:Copying training dataset
2025-03-22 16:25:05,139:INFO:Defining folds
2025-03-22 16:25:05,139:INFO:Declaring metric variables
2025-03-22 16:25:05,152:INFO:Importing untrained model
2025-03-22 16:25:05,155:INFO:Least Angle Regression Imported successfully
2025-03-22 16:25:05,155:INFO:Starting cross validation
2025-03-22 16:25:05,167:INFO:Cross validating with KFold(n_splits=10, random_state=None, shuffle=False), n_jobs=-1
2025-03-22 16:25:05,448:WARNING:c:\Users\edan\repos\Personal Projects\AI\ML\ml_project\.venv\Lib\site-packages\sklearn\linear_model\_least_angle.py:688: ConvergenceWarning: Regressors in active set degenerate. Dropping a regressor, after 34 iterations, i.e. alpha=5.987e+04, with an active set of 26 regressors, and the smallest cholesky pivot element being 2.220e-16. Reduce max_iter or increase eps parameters.
  warnings.warn(

2025-03-22 16:25:05,458:WARNING:c:\Users\edan\repos\Personal Projects\AI\ML\ml_project\.venv\Lib\site-packages\sklearn\linear_model\_least_angle.py:688: ConvergenceWarning: Regressors in active set degenerate. Dropping a regressor, after 36 iterations, i.e. alpha=8.776e+04, with an active set of 27 regressors, and the smallest cholesky pivot element being 2.220e-16. Reduce max_iter or increase eps parameters.
  warnings.warn(

2025-03-22 16:25:05,580:INFO:Calculating mean and std
2025-03-22 16:25:05,580:INFO:Creating metrics dataframe
2025-03-22 16:25:05,584:INFO:Uploading results into container
2025-03-22 16:25:05,584:INFO:Uploading model into container now
2025-03-22 16:25:05,584:INFO:_master_model_container: 5
2025-03-22 16:25:05,584:INFO:_display_container: 2
2025-03-22 16:25:05,584:INFO:Lars(random_state=123)
2025-03-22 16:25:05,584:INFO:create_model() successfully completed......................................
2025-03-22 16:25:05,680:INFO:SubProcess create_model() end ==================================
2025-03-22 16:25:05,680:INFO:Creating metrics dataframe
2025-03-22 16:25:05,688:INFO:Initializing Lasso Least Angle Regression
2025-03-22 16:25:05,688:INFO:Total runtime is 0.8062224984169005 minutes
2025-03-22 16:25:05,688:INFO:SubProcess create_model() called ==================================
2025-03-22 16:25:05,688:INFO:Initializing create_model()
2025-03-22 16:25:05,688:INFO:create_model(self=<pycaret.regression.oop.RegressionExperiment object at 0x0000018BC180EED0>, estimator=llar, fold=KFold(n_splits=10, random_state=None, shuffle=False), round=4, cross_validation=True, predict=True, fit_kwargs={}, groups=None, refit=False, probability_threshold=None, experiment_custom_tags=None, verbose=False, system=False, add_to_model_list=True, metrics=None, display=<pycaret.internal.display.display.CommonDisplay object at 0x0000018C052A0890>, model_only=True, return_train_score=False, error_score=0.0, kwargs={})
2025-03-22 16:25:05,688:INFO:Checking exceptions
2025-03-22 16:25:05,688:INFO:Importing libraries
2025-03-22 16:25:05,688:INFO:Copying training dataset
2025-03-22 16:25:05,688:INFO:Defining folds
2025-03-22 16:25:05,688:INFO:Declaring metric variables
2025-03-22 16:25:05,705:INFO:Importing untrained model
2025-03-22 16:25:05,705:INFO:Lasso Least Angle Regression Imported successfully
2025-03-22 16:25:05,719:INFO:Starting cross validation
2025-03-22 16:25:05,720:INFO:Cross validating with KFold(n_splits=10, random_state=None, shuffle=False), n_jobs=-1
2025-03-22 16:25:06,126:INFO:Calculating mean and std
2025-03-22 16:25:06,126:INFO:Creating metrics dataframe
2025-03-22 16:25:06,126:INFO:Uploading results into container
2025-03-22 16:25:06,126:INFO:Uploading model into container now
2025-03-22 16:25:06,126:INFO:_master_model_container: 6
2025-03-22 16:25:06,126:INFO:_display_container: 2
2025-03-22 16:25:06,126:INFO:LassoLars(random_state=123)
2025-03-22 16:25:06,133:INFO:create_model() successfully completed......................................
2025-03-22 16:25:06,228:INFO:SubProcess create_model() end ==================================
2025-03-22 16:25:06,228:INFO:Creating metrics dataframe
2025-03-22 16:25:06,240:INFO:Initializing Orthogonal Matching Pursuit
2025-03-22 16:25:06,240:INFO:Total runtime is 0.8154193878173827 minutes
2025-03-22 16:25:06,244:INFO:SubProcess create_model() called ==================================
2025-03-22 16:25:06,244:INFO:Initializing create_model()
2025-03-22 16:25:06,244:INFO:create_model(self=<pycaret.regression.oop.RegressionExperiment object at 0x0000018BC180EED0>, estimator=omp, fold=KFold(n_splits=10, random_state=None, shuffle=False), round=4, cross_validation=True, predict=True, fit_kwargs={}, groups=None, refit=False, probability_threshold=None, experiment_custom_tags=None, verbose=False, system=False, add_to_model_list=True, metrics=None, display=<pycaret.internal.display.display.CommonDisplay object at 0x0000018C052A0890>, model_only=True, return_train_score=False, error_score=0.0, kwargs={})
2025-03-22 16:25:06,244:INFO:Checking exceptions
2025-03-22 16:25:06,244:INFO:Importing libraries
2025-03-22 16:25:06,244:INFO:Copying training dataset
2025-03-22 16:25:06,244:INFO:Defining folds
2025-03-22 16:25:06,244:INFO:Declaring metric variables
2025-03-22 16:25:06,254:INFO:Importing untrained model
2025-03-22 16:25:06,259:INFO:Orthogonal Matching Pursuit Imported successfully
2025-03-22 16:25:06,259:INFO:Starting cross validation
2025-03-22 16:25:06,268:INFO:Cross validating with KFold(n_splits=10, random_state=None, shuffle=False), n_jobs=-1
2025-03-22 16:25:06,685:INFO:Calculating mean and std
2025-03-22 16:25:06,685:INFO:Creating metrics dataframe
2025-03-22 16:25:06,685:INFO:Uploading results into container
2025-03-22 16:25:06,685:INFO:Uploading model into container now
2025-03-22 16:25:06,692:INFO:_master_model_container: 7
2025-03-22 16:25:06,692:INFO:_display_container: 2
2025-03-22 16:25:06,692:INFO:OrthogonalMatchingPursuit()
2025-03-22 16:25:06,692:INFO:create_model() successfully completed......................................
2025-03-22 16:25:06,815:INFO:SubProcess create_model() end ==================================
2025-03-22 16:25:06,815:INFO:Creating metrics dataframe
2025-03-22 16:25:06,815:INFO:Initializing Bayesian Ridge
2025-03-22 16:25:06,815:INFO:Total runtime is 0.8249963005383808 minutes
2025-03-22 16:25:06,831:INFO:SubProcess create_model() called ==================================
2025-03-22 16:25:06,831:INFO:Initializing create_model()
2025-03-22 16:25:06,831:INFO:create_model(self=<pycaret.regression.oop.RegressionExperiment object at 0x0000018BC180EED0>, estimator=br, fold=KFold(n_splits=10, random_state=None, shuffle=False), round=4, cross_validation=True, predict=True, fit_kwargs={}, groups=None, refit=False, probability_threshold=None, experiment_custom_tags=None, verbose=False, system=False, add_to_model_list=True, metrics=None, display=<pycaret.internal.display.display.CommonDisplay object at 0x0000018C052A0890>, model_only=True, return_train_score=False, error_score=0.0, kwargs={})
2025-03-22 16:25:06,831:INFO:Checking exceptions
2025-03-22 16:25:06,831:INFO:Importing libraries
2025-03-22 16:25:06,831:INFO:Copying training dataset
2025-03-22 16:25:06,842:INFO:Defining folds
2025-03-22 16:25:06,842:INFO:Declaring metric variables
2025-03-22 16:25:06,849:INFO:Importing untrained model
2025-03-22 16:25:06,855:INFO:Bayesian Ridge Imported successfully
2025-03-22 16:25:06,860:INFO:Starting cross validation
2025-03-22 16:25:06,860:INFO:Cross validating with KFold(n_splits=10, random_state=None, shuffle=False), n_jobs=-1
2025-03-22 16:25:07,360:INFO:Calculating mean and std
2025-03-22 16:25:07,360:INFO:Creating metrics dataframe
2025-03-22 16:25:07,360:INFO:Uploading results into container
2025-03-22 16:25:07,360:INFO:Uploading model into container now
2025-03-22 16:25:07,360:INFO:_master_model_container: 8
2025-03-22 16:25:07,360:INFO:_display_container: 2
2025-03-22 16:25:07,367:INFO:BayesianRidge()
2025-03-22 16:25:07,367:INFO:create_model() successfully completed......................................
2025-03-22 16:25:07,470:INFO:SubProcess create_model() end ==================================
2025-03-22 16:25:07,470:INFO:Creating metrics dataframe
2025-03-22 16:25:07,470:INFO:Initializing Passive Aggressive Regressor
2025-03-22 16:25:07,470:INFO:Total runtime is 0.8359095374743142 minutes
2025-03-22 16:25:07,470:INFO:SubProcess create_model() called ==================================
2025-03-22 16:25:07,470:INFO:Initializing create_model()
2025-03-22 16:25:07,470:INFO:create_model(self=<pycaret.regression.oop.RegressionExperiment object at 0x0000018BC180EED0>, estimator=par, fold=KFold(n_splits=10, random_state=None, shuffle=False), round=4, cross_validation=True, predict=True, fit_kwargs={}, groups=None, refit=False, probability_threshold=None, experiment_custom_tags=None, verbose=False, system=False, add_to_model_list=True, metrics=None, display=<pycaret.internal.display.display.CommonDisplay object at 0x0000018C052A0890>, model_only=True, return_train_score=False, error_score=0.0, kwargs={})
2025-03-22 16:25:07,470:INFO:Checking exceptions
2025-03-22 16:25:07,470:INFO:Importing libraries
2025-03-22 16:25:07,470:INFO:Copying training dataset
2025-03-22 16:25:07,485:INFO:Defining folds
2025-03-22 16:25:07,485:INFO:Declaring metric variables
2025-03-22 16:25:07,485:INFO:Importing untrained model
2025-03-22 16:25:07,495:INFO:Passive Aggressive Regressor Imported successfully
2025-03-22 16:25:07,505:INFO:Starting cross validation
2025-03-22 16:25:07,507:INFO:Cross validating with KFold(n_splits=10, random_state=None, shuffle=False), n_jobs=-1
2025-03-22 16:25:07,997:INFO:Calculating mean and std
2025-03-22 16:25:07,997:INFO:Creating metrics dataframe
2025-03-22 16:25:07,997:INFO:Uploading results into container
2025-03-22 16:25:07,997:INFO:Uploading model into container now
2025-03-22 16:25:07,997:INFO:_master_model_container: 9
2025-03-22 16:25:07,997:INFO:_display_container: 2
2025-03-22 16:25:07,997:INFO:PassiveAggressiveRegressor(random_state=123)
2025-03-22 16:25:07,997:INFO:create_model() successfully completed......................................
2025-03-22 16:25:08,096:INFO:SubProcess create_model() end ==================================
2025-03-22 16:25:08,096:INFO:Creating metrics dataframe
2025-03-22 16:25:08,104:INFO:Initializing Huber Regressor
2025-03-22 16:25:08,104:INFO:Total runtime is 0.8464862426122027 minutes
2025-03-22 16:25:08,112:INFO:SubProcess create_model() called ==================================
2025-03-22 16:25:08,112:INFO:Initializing create_model()
2025-03-22 16:25:08,112:INFO:create_model(self=<pycaret.regression.oop.RegressionExperiment object at 0x0000018BC180EED0>, estimator=huber, fold=KFold(n_splits=10, random_state=None, shuffle=False), round=4, cross_validation=True, predict=True, fit_kwargs={}, groups=None, refit=False, probability_threshold=None, experiment_custom_tags=None, verbose=False, system=False, add_to_model_list=True, metrics=None, display=<pycaret.internal.display.display.CommonDisplay object at 0x0000018C052A0890>, model_only=True, return_train_score=False, error_score=0.0, kwargs={})
2025-03-22 16:25:08,112:INFO:Checking exceptions
2025-03-22 16:25:08,112:INFO:Importing libraries
2025-03-22 16:25:08,112:INFO:Copying training dataset
2025-03-22 16:25:08,112:INFO:Defining folds
2025-03-22 16:25:08,112:INFO:Declaring metric variables
2025-03-22 16:25:08,121:INFO:Importing untrained model
2025-03-22 16:25:08,121:INFO:Huber Regressor Imported successfully
2025-03-22 16:25:08,129:INFO:Starting cross validation
2025-03-22 16:25:08,137:INFO:Cross validating with KFold(n_splits=10, random_state=None, shuffle=False), n_jobs=-1
2025-03-22 16:25:08,514:WARNING:c:\Users\edan\repos\Personal Projects\AI\ML\ml_project\.venv\Lib\site-packages\sklearn\linear_model\_huber.py:342: ConvergenceWarning: lbfgs failed to converge (status=1):
STOP: TOTAL NO. of ITERATIONS REACHED LIMIT.

Increase the number of iterations (max_iter) or scale the data as shown in:
    https://scikit-learn.org/stable/modules/preprocessing.html
  self.n_iter_ = _check_optimize_result("lbfgs", opt_res, self.max_iter)

2025-03-22 16:25:08,524:WARNING:c:\Users\edan\repos\Personal Projects\AI\ML\ml_project\.venv\Lib\site-packages\sklearn\linear_model\_huber.py:342: ConvergenceWarning: lbfgs failed to converge (status=1):
STOP: TOTAL NO. of ITERATIONS REACHED LIMIT.

Increase the number of iterations (max_iter) or scale the data as shown in:
    https://scikit-learn.org/stable/modules/preprocessing.html
  self.n_iter_ = _check_optimize_result("lbfgs", opt_res, self.max_iter)

2025-03-22 16:25:08,545:WARNING:c:\Users\edan\repos\Personal Projects\AI\ML\ml_project\.venv\Lib\site-packages\sklearn\linear_model\_huber.py:342: ConvergenceWarning: lbfgs failed to converge (status=1):
STOP: TOTAL NO. of ITERATIONS REACHED LIMIT.

Increase the number of iterations (max_iter) or scale the data as shown in:
    https://scikit-learn.org/stable/modules/preprocessing.html
  self.n_iter_ = _check_optimize_result("lbfgs", opt_res, self.max_iter)

2025-03-22 16:25:08,596:WARNING:c:\Users\edan\repos\Personal Projects\AI\ML\ml_project\.venv\Lib\site-packages\sklearn\linear_model\_huber.py:342: ConvergenceWarning: lbfgs failed to converge (status=1):
STOP: TOTAL NO. of ITERATIONS REACHED LIMIT.

Increase the number of iterations (max_iter) or scale the data as shown in:
    https://scikit-learn.org/stable/modules/preprocessing.html
  self.n_iter_ = _check_optimize_result("lbfgs", opt_res, self.max_iter)

2025-03-22 16:25:08,617:WARNING:c:\Users\edan\repos\Personal Projects\AI\ML\ml_project\.venv\Lib\site-packages\sklearn\linear_model\_huber.py:342: ConvergenceWarning: lbfgs failed to converge (status=1):
STOP: TOTAL NO. of ITERATIONS REACHED LIMIT.

Increase the number of iterations (max_iter) or scale the data as shown in:
    https://scikit-learn.org/stable/modules/preprocessing.html
  self.n_iter_ = _check_optimize_result("lbfgs", opt_res, self.max_iter)

2025-03-22 16:25:08,627:WARNING:c:\Users\edan\repos\Personal Projects\AI\ML\ml_project\.venv\Lib\site-packages\sklearn\linear_model\_huber.py:342: ConvergenceWarning: lbfgs failed to converge (status=1):
STOP: TOTAL NO. of ITERATIONS REACHED LIMIT.

Increase the number of iterations (max_iter) or scale the data as shown in:
    https://scikit-learn.org/stable/modules/preprocessing.html
  self.n_iter_ = _check_optimize_result("lbfgs", opt_res, self.max_iter)

2025-03-22 16:25:08,641:WARNING:c:\Users\edan\repos\Personal Projects\AI\ML\ml_project\.venv\Lib\site-packages\sklearn\linear_model\_huber.py:342: ConvergenceWarning: lbfgs failed to converge (status=1):
STOP: TOTAL NO. of ITERATIONS REACHED LIMIT.

Increase the number of iterations (max_iter) or scale the data as shown in:
    https://scikit-learn.org/stable/modules/preprocessing.html
  self.n_iter_ = _check_optimize_result("lbfgs", opt_res, self.max_iter)

2025-03-22 16:25:08,679:WARNING:c:\Users\edan\repos\Personal Projects\AI\ML\ml_project\.venv\Lib\site-packages\sklearn\linear_model\_huber.py:342: ConvergenceWarning: lbfgs failed to converge (status=1):
STOP: TOTAL NO. of ITERATIONS REACHED LIMIT.

Increase the number of iterations (max_iter) or scale the data as shown in:
    https://scikit-learn.org/stable/modules/preprocessing.html
  self.n_iter_ = _check_optimize_result("lbfgs", opt_res, self.max_iter)

2025-03-22 16:25:08,709:WARNING:c:\Users\edan\repos\Personal Projects\AI\ML\ml_project\.venv\Lib\site-packages\sklearn\linear_model\_huber.py:342: ConvergenceWarning: lbfgs failed to converge (status=1):
STOP: TOTAL NO. of ITERATIONS REACHED LIMIT.

Increase the number of iterations (max_iter) or scale the data as shown in:
    https://scikit-learn.org/stable/modules/preprocessing.html
  self.n_iter_ = _check_optimize_result("lbfgs", opt_res, self.max_iter)

2025-03-22 16:25:08,752:WARNING:c:\Users\edan\repos\Personal Projects\AI\ML\ml_project\.venv\Lib\site-packages\sklearn\linear_model\_huber.py:342: ConvergenceWarning: lbfgs failed to converge (status=1):
STOP: TOTAL NO. of ITERATIONS REACHED LIMIT.

Increase the number of iterations (max_iter) or scale the data as shown in:
    https://scikit-learn.org/stable/modules/preprocessing.html
  self.n_iter_ = _check_optimize_result("lbfgs", opt_res, self.max_iter)

2025-03-22 16:25:08,801:INFO:Calculating mean and std
2025-03-22 16:25:08,801:INFO:Creating metrics dataframe
2025-03-22 16:25:08,801:INFO:Uploading results into container
2025-03-22 16:25:08,806:INFO:Uploading model into container now
2025-03-22 16:25:08,806:INFO:_master_model_container: 10
2025-03-22 16:25:08,807:INFO:_display_container: 2
2025-03-22 16:25:08,808:INFO:HuberRegressor()
2025-03-22 16:25:08,808:INFO:create_model() successfully completed......................................
2025-03-22 16:25:08,908:INFO:SubProcess create_model() end ==================================
2025-03-22 16:25:08,908:INFO:Creating metrics dataframe
2025-03-22 16:25:08,915:INFO:Initializing K Neighbors Regressor
2025-03-22 16:25:08,915:INFO:Total runtime is 0.8599992672602333 minutes
2025-03-22 16:25:08,915:INFO:SubProcess create_model() called ==================================
2025-03-22 16:25:08,915:INFO:Initializing create_model()
2025-03-22 16:25:08,915:INFO:create_model(self=<pycaret.regression.oop.RegressionExperiment object at 0x0000018BC180EED0>, estimator=knn, fold=KFold(n_splits=10, random_state=None, shuffle=False), round=4, cross_validation=True, predict=True, fit_kwargs={}, groups=None, refit=False, probability_threshold=None, experiment_custom_tags=None, verbose=False, system=False, add_to_model_list=True, metrics=None, display=<pycaret.internal.display.display.CommonDisplay object at 0x0000018C052A0890>, model_only=True, return_train_score=False, error_score=0.0, kwargs={})
2025-03-22 16:25:08,915:INFO:Checking exceptions
2025-03-22 16:25:08,915:INFO:Importing libraries
2025-03-22 16:25:08,915:INFO:Copying training dataset
2025-03-22 16:25:08,923:INFO:Defining folds
2025-03-22 16:25:08,923:INFO:Declaring metric variables
2025-03-22 16:25:08,923:INFO:Importing untrained model
2025-03-22 16:25:08,930:INFO:K Neighbors Regressor Imported successfully
2025-03-22 16:25:08,936:INFO:Starting cross validation
2025-03-22 16:25:08,942:INFO:Cross validating with KFold(n_splits=10, random_state=None, shuffle=False), n_jobs=-1
2025-03-22 16:25:09,737:INFO:Calculating mean and std
2025-03-22 16:25:09,738:INFO:Creating metrics dataframe
2025-03-22 16:25:09,738:INFO:Uploading results into container
2025-03-22 16:25:09,738:INFO:Uploading model into container now
2025-03-22 16:25:09,738:INFO:_master_model_container: 11
2025-03-22 16:25:09,738:INFO:_display_container: 2
2025-03-22 16:25:09,738:INFO:KNeighborsRegressor(n_jobs=-1)
2025-03-22 16:25:09,746:INFO:create_model() successfully completed......................................
2025-03-22 16:25:09,854:INFO:SubProcess create_model() end ==================================
2025-03-22 16:25:09,854:INFO:Creating metrics dataframe
2025-03-22 16:25:09,862:INFO:Initializing Decision Tree Regressor
2025-03-22 16:25:09,862:INFO:Total runtime is 0.8757860779762265 minutes
2025-03-22 16:25:09,862:INFO:SubProcess create_model() called ==================================
2025-03-22 16:25:09,862:INFO:Initializing create_model()
2025-03-22 16:25:09,862:INFO:create_model(self=<pycaret.regression.oop.RegressionExperiment object at 0x0000018BC180EED0>, estimator=dt, fold=KFold(n_splits=10, random_state=None, shuffle=False), round=4, cross_validation=True, predict=True, fit_kwargs={}, groups=None, refit=False, probability_threshold=None, experiment_custom_tags=None, verbose=False, system=False, add_to_model_list=True, metrics=None, display=<pycaret.internal.display.display.CommonDisplay object at 0x0000018C052A0890>, model_only=True, return_train_score=False, error_score=0.0, kwargs={})
2025-03-22 16:25:09,862:INFO:Checking exceptions
2025-03-22 16:25:09,862:INFO:Importing libraries
2025-03-22 16:25:09,862:INFO:Copying training dataset
2025-03-22 16:25:09,871:INFO:Defining folds
2025-03-22 16:25:09,871:INFO:Declaring metric variables
2025-03-22 16:25:09,871:INFO:Importing untrained model
2025-03-22 16:25:09,879:INFO:Decision Tree Regressor Imported successfully
2025-03-22 16:25:09,887:INFO:Starting cross validation
2025-03-22 16:25:09,887:INFO:Cross validating with KFold(n_splits=10, random_state=None, shuffle=False), n_jobs=-1
2025-03-22 16:25:10,381:INFO:Calculating mean and std
2025-03-22 16:25:10,381:INFO:Creating metrics dataframe
2025-03-22 16:25:10,385:INFO:Uploading results into container
2025-03-22 16:25:10,387:INFO:Uploading model into container now
2025-03-22 16:25:10,387:INFO:_master_model_container: 12
2025-03-22 16:25:10,387:INFO:_display_container: 2
2025-03-22 16:25:10,387:INFO:DecisionTreeRegressor(random_state=123)
2025-03-22 16:25:10,387:INFO:create_model() successfully completed......................................
2025-03-22 16:25:10,502:INFO:SubProcess create_model() end ==================================
2025-03-22 16:25:10,502:INFO:Creating metrics dataframe
2025-03-22 16:25:10,510:INFO:Initializing Random Forest Regressor
2025-03-22 16:25:10,510:INFO:Total runtime is 0.8865852673848468 minutes
2025-03-22 16:25:10,510:INFO:SubProcess create_model() called ==================================
2025-03-22 16:25:10,510:INFO:Initializing create_model()
2025-03-22 16:25:10,510:INFO:create_model(self=<pycaret.regression.oop.RegressionExperiment object at 0x0000018BC180EED0>, estimator=rf, fold=KFold(n_splits=10, random_state=None, shuffle=False), round=4, cross_validation=True, predict=True, fit_kwargs={}, groups=None, refit=False, probability_threshold=None, experiment_custom_tags=None, verbose=False, system=False, add_to_model_list=True, metrics=None, display=<pycaret.internal.display.display.CommonDisplay object at 0x0000018C052A0890>, model_only=True, return_train_score=False, error_score=0.0, kwargs={})
2025-03-22 16:25:10,510:INFO:Checking exceptions
2025-03-22 16:25:10,510:INFO:Importing libraries
2025-03-22 16:25:10,510:INFO:Copying training dataset
2025-03-22 16:25:10,522:INFO:Defining folds
2025-03-22 16:25:10,522:INFO:Declaring metric variables
2025-03-22 16:25:10,522:INFO:Importing untrained model
2025-03-22 16:25:10,528:INFO:Random Forest Regressor Imported successfully
2025-03-22 16:25:10,528:INFO:Starting cross validation
2025-03-22 16:25:10,536:INFO:Cross validating with KFold(n_splits=10, random_state=None, shuffle=False), n_jobs=-1
2025-03-22 16:25:14,178:INFO:Calculating mean and std
2025-03-22 16:25:14,178:INFO:Creating metrics dataframe
2025-03-22 16:25:14,178:INFO:Uploading results into container
2025-03-22 16:25:14,183:INFO:Uploading model into container now
2025-03-22 16:25:14,184:INFO:_master_model_container: 13
2025-03-22 16:25:14,184:INFO:_display_container: 2
2025-03-22 16:25:14,184:INFO:RandomForestRegressor(n_jobs=-1, random_state=123)
2025-03-22 16:25:14,184:INFO:create_model() successfully completed......................................
2025-03-22 16:25:14,287:INFO:SubProcess create_model() end ==================================
2025-03-22 16:25:14,287:INFO:Creating metrics dataframe
2025-03-22 16:25:14,303:INFO:Initializing Extra Trees Regressor
2025-03-22 16:25:14,303:INFO:Total runtime is 0.9497963428497312 minutes
2025-03-22 16:25:14,308:INFO:SubProcess create_model() called ==================================
2025-03-22 16:25:14,308:INFO:Initializing create_model()
2025-03-22 16:25:14,308:INFO:create_model(self=<pycaret.regression.oop.RegressionExperiment object at 0x0000018BC180EED0>, estimator=et, fold=KFold(n_splits=10, random_state=None, shuffle=False), round=4, cross_validation=True, predict=True, fit_kwargs={}, groups=None, refit=False, probability_threshold=None, experiment_custom_tags=None, verbose=False, system=False, add_to_model_list=True, metrics=None, display=<pycaret.internal.display.display.CommonDisplay object at 0x0000018C052A0890>, model_only=True, return_train_score=False, error_score=0.0, kwargs={})
2025-03-22 16:25:14,308:INFO:Checking exceptions
2025-03-22 16:25:14,308:INFO:Importing libraries
2025-03-22 16:25:14,308:INFO:Copying training dataset
2025-03-22 16:25:14,319:INFO:Defining folds
2025-03-22 16:25:14,319:INFO:Declaring metric variables
2025-03-22 16:25:14,319:INFO:Importing untrained model
2025-03-22 16:25:14,327:INFO:Extra Trees Regressor Imported successfully
2025-03-22 16:25:14,337:INFO:Starting cross validation
2025-03-22 16:25:14,337:INFO:Cross validating with KFold(n_splits=10, random_state=None, shuffle=False), n_jobs=-1
2025-03-22 16:25:18,092:INFO:Calculating mean and std
2025-03-22 16:25:18,092:INFO:Creating metrics dataframe
2025-03-22 16:25:18,092:INFO:Uploading results into container
2025-03-22 16:25:18,098:INFO:Uploading model into container now
2025-03-22 16:25:18,099:INFO:_master_model_container: 14
2025-03-22 16:25:18,099:INFO:_display_container: 2
2025-03-22 16:25:18,099:INFO:ExtraTreesRegressor(n_jobs=-1, random_state=123)
2025-03-22 16:25:18,099:INFO:create_model() successfully completed......................................
2025-03-22 16:25:18,199:INFO:SubProcess create_model() end ==================================
2025-03-22 16:25:18,199:INFO:Creating metrics dataframe
2025-03-22 16:25:18,215:INFO:Initializing AdaBoost Regressor
2025-03-22 16:25:18,215:INFO:Total runtime is 1.0149913032849627 minutes
2025-03-22 16:25:18,215:INFO:SubProcess create_model() called ==================================
2025-03-22 16:25:18,215:INFO:Initializing create_model()
2025-03-22 16:25:18,215:INFO:create_model(self=<pycaret.regression.oop.RegressionExperiment object at 0x0000018BC180EED0>, estimator=ada, fold=KFold(n_splits=10, random_state=None, shuffle=False), round=4, cross_validation=True, predict=True, fit_kwargs={}, groups=None, refit=False, probability_threshold=None, experiment_custom_tags=None, verbose=False, system=False, add_to_model_list=True, metrics=None, display=<pycaret.internal.display.display.CommonDisplay object at 0x0000018C052A0890>, model_only=True, return_train_score=False, error_score=0.0, kwargs={})
2025-03-22 16:25:18,215:INFO:Checking exceptions
2025-03-22 16:25:18,215:INFO:Importing libraries
2025-03-22 16:25:18,215:INFO:Copying training dataset
2025-03-22 16:25:18,230:INFO:Defining folds
2025-03-22 16:25:18,230:INFO:Declaring metric variables
2025-03-22 16:25:18,230:INFO:Importing untrained model
2025-03-22 16:25:18,241:INFO:AdaBoost Regressor Imported successfully
2025-03-22 16:25:18,253:INFO:Starting cross validation
2025-03-22 16:25:18,258:INFO:Cross validating with KFold(n_splits=10, random_state=None, shuffle=False), n_jobs=-1
2025-03-22 16:25:19,464:INFO:Calculating mean and std
2025-03-22 16:25:19,464:INFO:Creating metrics dataframe
2025-03-22 16:25:19,468:INFO:Uploading results into container
2025-03-22 16:25:19,472:INFO:Uploading model into container now
2025-03-22 16:25:19,472:INFO:_master_model_container: 15
2025-03-22 16:25:19,472:INFO:_display_container: 2
2025-03-22 16:25:19,472:INFO:AdaBoostRegressor(random_state=123)
2025-03-22 16:25:19,472:INFO:create_model() successfully completed......................................
2025-03-22 16:25:19,588:INFO:SubProcess create_model() end ==================================
2025-03-22 16:25:19,588:INFO:Creating metrics dataframe
2025-03-22 16:25:19,588:INFO:Initializing Gradient Boosting Regressor
2025-03-22 16:25:19,588:INFO:Total runtime is 1.0378785332043963 minutes
2025-03-22 16:25:19,603:INFO:SubProcess create_model() called ==================================
2025-03-22 16:25:19,603:INFO:Initializing create_model()
2025-03-22 16:25:19,603:INFO:create_model(self=<pycaret.regression.oop.RegressionExperiment object at 0x0000018BC180EED0>, estimator=gbr, fold=KFold(n_splits=10, random_state=None, shuffle=False), round=4, cross_validation=True, predict=True, fit_kwargs={}, groups=None, refit=False, probability_threshold=None, experiment_custom_tags=None, verbose=False, system=False, add_to_model_list=True, metrics=None, display=<pycaret.internal.display.display.CommonDisplay object at 0x0000018C052A0890>, model_only=True, return_train_score=False, error_score=0.0, kwargs={})
2025-03-22 16:25:19,603:INFO:Checking exceptions
2025-03-22 16:25:19,603:INFO:Importing libraries
2025-03-22 16:25:19,603:INFO:Copying training dataset
2025-03-22 16:25:19,603:INFO:Defining folds
2025-03-22 16:25:19,603:INFO:Declaring metric variables
2025-03-22 16:25:19,619:INFO:Importing untrained model
2025-03-22 16:25:19,623:INFO:Gradient Boosting Regressor Imported successfully
2025-03-22 16:25:19,633:INFO:Starting cross validation
2025-03-22 16:25:19,635:INFO:Cross validating with KFold(n_splits=10, random_state=None, shuffle=False), n_jobs=-1
2025-03-22 16:25:20,824:INFO:Calculating mean and std
2025-03-22 16:25:20,824:INFO:Creating metrics dataframe
2025-03-22 16:25:20,824:INFO:Uploading results into container
2025-03-22 16:25:20,824:INFO:Uploading model into container now
2025-03-22 16:25:20,824:INFO:_master_model_container: 16
2025-03-22 16:25:20,824:INFO:_display_container: 2
2025-03-22 16:25:20,831:INFO:GradientBoostingRegressor(random_state=123)
2025-03-22 16:25:20,831:INFO:create_model() successfully completed......................................
2025-03-22 16:25:20,921:INFO:SubProcess create_model() end ==================================
2025-03-22 16:25:20,921:INFO:Creating metrics dataframe
2025-03-22 16:25:20,935:INFO:Initializing Light Gradient Boosting Machine
2025-03-22 16:25:20,935:INFO:Total runtime is 1.0603340943654376 minutes
2025-03-22 16:25:20,935:INFO:SubProcess create_model() called ==================================
2025-03-22 16:25:20,935:INFO:Initializing create_model()
2025-03-22 16:25:20,935:INFO:create_model(self=<pycaret.regression.oop.RegressionExperiment object at 0x0000018BC180EED0>, estimator=lightgbm, fold=KFold(n_splits=10, random_state=None, shuffle=False), round=4, cross_validation=True, predict=True, fit_kwargs={}, groups=None, refit=False, probability_threshold=None, experiment_custom_tags=None, verbose=False, system=False, add_to_model_list=True, metrics=None, display=<pycaret.internal.display.display.CommonDisplay object at 0x0000018C052A0890>, model_only=True, return_train_score=False, error_score=0.0, kwargs={})
2025-03-22 16:25:20,935:INFO:Checking exceptions
2025-03-22 16:25:20,935:INFO:Importing libraries
2025-03-22 16:25:20,935:INFO:Copying training dataset
2025-03-22 16:25:20,935:INFO:Defining folds
2025-03-22 16:25:20,935:INFO:Declaring metric variables
2025-03-22 16:25:20,947:INFO:Importing untrained model
2025-03-22 16:25:20,952:INFO:Light Gradient Boosting Machine Imported successfully
2025-03-22 16:25:20,958:INFO:Starting cross validation
2025-03-22 16:25:20,958:INFO:Cross validating with KFold(n_splits=10, random_state=None, shuffle=False), n_jobs=-1
2025-03-22 16:25:24,418:INFO:Calculating mean and std
2025-03-22 16:25:24,418:INFO:Creating metrics dataframe
2025-03-22 16:25:24,418:INFO:Uploading results into container
2025-03-22 16:25:24,418:INFO:Uploading model into container now
2025-03-22 16:25:24,418:INFO:_master_model_container: 17
2025-03-22 16:25:24,418:INFO:_display_container: 2
2025-03-22 16:25:24,418:INFO:LGBMRegressor(n_jobs=-1, random_state=123)
2025-03-22 16:25:24,418:INFO:create_model() successfully completed......................................
2025-03-22 16:25:24,551:INFO:SubProcess create_model() end ==================================
2025-03-22 16:25:24,551:INFO:Creating metrics dataframe
2025-03-22 16:25:24,568:INFO:Initializing Dummy Regressor
2025-03-22 16:25:24,568:INFO:Total runtime is 1.120881374677022 minutes
2025-03-22 16:25:24,586:INFO:SubProcess create_model() called ==================================
2025-03-22 16:25:24,586:INFO:Initializing create_model()
2025-03-22 16:25:24,586:INFO:create_model(self=<pycaret.regression.oop.RegressionExperiment object at 0x0000018BC180EED0>, estimator=dummy, fold=KFold(n_splits=10, random_state=None, shuffle=False), round=4, cross_validation=True, predict=True, fit_kwargs={}, groups=None, refit=False, probability_threshold=None, experiment_custom_tags=None, verbose=False, system=False, add_to_model_list=True, metrics=None, display=<pycaret.internal.display.display.CommonDisplay object at 0x0000018C052A0890>, model_only=True, return_train_score=False, error_score=0.0, kwargs={})
2025-03-22 16:25:24,586:INFO:Checking exceptions
2025-03-22 16:25:24,586:INFO:Importing libraries
2025-03-22 16:25:24,586:INFO:Copying training dataset
2025-03-22 16:25:24,596:INFO:Defining folds
2025-03-22 16:25:24,596:INFO:Declaring metric variables
2025-03-22 16:25:24,609:INFO:Importing untrained model
2025-03-22 16:25:24,609:INFO:Dummy Regressor Imported successfully
2025-03-22 16:25:24,634:INFO:Starting cross validation
2025-03-22 16:25:24,634:INFO:Cross validating with KFold(n_splits=10, random_state=None, shuffle=False), n_jobs=-1
2025-03-22 16:25:25,119:INFO:Calculating mean and std
2025-03-22 16:25:25,119:INFO:Creating metrics dataframe
2025-03-22 16:25:25,119:INFO:Uploading results into container
2025-03-22 16:25:25,119:INFO:Uploading model into container now
2025-03-22 16:25:25,119:INFO:_master_model_container: 18
2025-03-22 16:25:25,119:INFO:_display_container: 2
2025-03-22 16:25:25,119:INFO:DummyRegressor()
2025-03-22 16:25:25,119:INFO:create_model() successfully completed......................................
2025-03-22 16:25:25,218:INFO:SubProcess create_model() end ==================================
2025-03-22 16:25:25,218:INFO:Creating metrics dataframe
2025-03-22 16:25:25,250:INFO:Initializing create_model()
2025-03-22 16:25:25,250:INFO:create_model(self=<pycaret.regression.oop.RegressionExperiment object at 0x0000018BC180EED0>, estimator=ExtraTreesRegressor(n_jobs=-1, random_state=123), fold=KFold(n_splits=10, random_state=None, shuffle=False), round=4, cross_validation=False, predict=False, fit_kwargs={}, groups=None, refit=True, probability_threshold=None, experiment_custom_tags=None, verbose=False, system=False, add_to_model_list=True, metrics=None, display=None, model_only=True, return_train_score=False, error_score=0.0, kwargs={})
2025-03-22 16:25:25,250:INFO:Checking exceptions
2025-03-22 16:25:25,254:INFO:Importing libraries
2025-03-22 16:25:25,254:INFO:Copying training dataset
2025-03-22 16:25:25,254:INFO:Defining folds
2025-03-22 16:25:25,254:INFO:Declaring metric variables
2025-03-22 16:25:25,254:INFO:Importing untrained model
2025-03-22 16:25:25,254:INFO:Declaring custom model
2025-03-22 16:25:25,254:INFO:Extra Trees Regressor Imported successfully
2025-03-22 16:25:25,254:INFO:Cross validation set to False
2025-03-22 16:25:25,254:INFO:Fitting Model
2025-03-22 16:25:25,806:INFO:ExtraTreesRegressor(n_jobs=-1, random_state=123)
2025-03-22 16:25:25,806:INFO:create_model() successfully completed......................................
2025-03-22 16:25:25,935:INFO:_master_model_container: 18
2025-03-22 16:25:25,935:INFO:_display_container: 2
2025-03-22 16:25:25,935:INFO:ExtraTreesRegressor(n_jobs=-1, random_state=123)
2025-03-22 16:25:25,935:INFO:compare_models() successfully completed......................................
2025-03-22 16:27:18,214:INFO:Initializing create_model()
2025-03-22 16:27:18,214:INFO:create_model(self=<pycaret.regression.oop.RegressionExperiment object at 0x0000018BC180EED0>, estimator=et, fold=None, round=4, cross_validation=True, predict=True, fit_kwargs=None, groups=None, refit=True, probability_threshold=None, experiment_custom_tags=None, verbose=True, system=True, add_to_model_list=True, metrics=None, display=None, model_only=True, return_train_score=False, error_score=0.0, kwargs={})
2025-03-22 16:27:18,214:INFO:Checking exceptions
2025-03-22 16:27:18,238:INFO:Importing libraries
2025-03-22 16:27:18,238:INFO:Copying training dataset
2025-03-22 16:27:18,242:INFO:Defining folds
2025-03-22 16:27:18,242:INFO:Declaring metric variables
2025-03-22 16:27:18,252:INFO:Importing untrained model
2025-03-22 16:27:18,259:INFO:Extra Trees Regressor Imported successfully
2025-03-22 16:27:18,267:INFO:Starting cross validation
2025-03-22 16:27:18,275:INFO:Cross validating with KFold(n_splits=10, random_state=None, shuffle=False), n_jobs=-1
2025-03-22 16:27:22,284:INFO:Calculating mean and std
2025-03-22 16:27:22,285:INFO:Creating metrics dataframe
2025-03-22 16:27:22,290:INFO:Finalizing model
2025-03-22 16:27:22,931:INFO:Uploading results into container
2025-03-22 16:27:22,933:INFO:Uploading model into container now
2025-03-22 16:27:22,950:INFO:_master_model_container: 19
2025-03-22 16:27:22,950:INFO:_display_container: 3
2025-03-22 16:27:22,959:INFO:ExtraTreesRegressor(n_jobs=-1, random_state=123)
2025-03-22 16:27:22,959:INFO:create_model() successfully completed......................................
2025-03-22 16:27:23,143:INFO:Initializing plot_model()
2025-03-22 16:27:23,143:INFO:plot_model(self=<pycaret.regression.oop.RegressionExperiment object at 0x0000018BC180EED0>, estimator=ExtraTreesRegressor(n_jobs=-1, random_state=123), plot=feature, scale=1, save=False, fold=None, fit_kwargs=None, plot_kwargs=None, groups=None, feature_name=None, label=False, verbose=True, system=True, display=None, display_format=None)
2025-03-22 16:27:23,143:INFO:Checking exceptions
2025-03-22 16:27:23,191:INFO:Preloading libraries
2025-03-22 16:27:23,281:INFO:Copying training dataset
2025-03-22 16:27:23,281:INFO:Plot type: feature
2025-03-22 16:27:23,281:WARNING:No coef_ found. Trying feature_importances_
2025-03-22 16:27:23,794:INFO:Visual Rendered Successfully
2025-03-22 16:27:23,897:INFO:plot_model() successfully completed......................................
